
> solverfin@0.1.0 typecheck
> npm run build:packages && npm run typecheck --workspaces --if-present


> solverfin@0.1.0 build:packages
> npm run build --workspace @solverfin/shared --workspace @solverfin/config --workspace @solverfin/domain --workspace @solverfin/ai


> @solverfin/shared@0.1.0 build
> tsc -p tsconfig.json


> @solverfin/config@0.1.0 build
> tsc -p tsconfig.json


> @solverfin/domain@0.1.0 build
> tsc -p tsconfig.json


> @solverfin/ai@0.1.0 build
> tsc --noEmit


> @solverfin/api@0.1.0 typecheck
> tsc --noEmit

src/csv-import-review.integration.test.ts(216,37): error TS2339: Property 'csvMapping' does not exist on type 'ImportBatch'.
src/csv-import-review.integration.test.ts(218,54): error TS2339: Property 'kind' does not exist on type 'ExtractionPayload'.
src/repositories/imports.ts(377,9): error TS2375: Type '{ csvMapping?: CsvImportMapping; csvDelimiter?: CsvDelimiter; id: `${string}-${string}-${string}-${string}-${string}`; organizationId: string; financialProfileId: string; ... 13 more ...; problems: ImportProblem[]; }' is not assignable to type 'ImportBatch' with 'exactOptionalPropertyTypes: true'. Consider adding 'undefined' to the types of the target's properties.
  Types of property 'csvMapping' are incompatible.
    Type 'CsvImportMapping' is not assignable to type 'Partial<Record<"date" | "kind" | "description" | "externalId" | "amount", string>>' with 'exactOptionalPropertyTypes: true'. Consider adding 'undefined' to the types of the target's properties.
      Type 'CsvLegacyImportMapping' is not assignable to type 'Partial<Record<"date" | "kind" | "description" | "externalId" | "amount", string>>' with 'exactOptionalPropertyTypes: true'. Consider adding 'undefined' to the types of the target's properties.
        Types of property 'date' are incompatible.
          Type 'string | undefined' is not assignable to type 'string'.
            Type 'undefined' is not assignable to type 'string'.
npm error Lifecycle script `typecheck` failed with error:
npm error code 2
npm error path /home/runner/work/SolverFin/SolverFin/apps/api
npm error workspace @solverfin/api@0.1.0
npm error location /home/runner/work/SolverFin/SolverFin/apps/api
npm error command failed
npm error command sh -c tsc --noEmit


> @solverfin/web@0.1.0 typecheck
> tsc --noEmit


> @solverfin/ai@0.1.0 typecheck
> tsc --noEmit


> @solverfin/config@0.1.0 typecheck
> tsc --noEmit


> @solverfin/domain@0.1.0 typecheck
> tsc --noEmit


> @solverfin/shared@0.1.0 typecheck
> tsc --noEmit

